  Application.cpp
<<<<<<< Updated upstream
  ViewFiltrage.cpp
  main.cpp
  view.cpp
  viewAdd.cpp
  viewDelete.cpp
  viewDerivation.cpp
  viewDetection.cpp
  viewFiltres.cpp
  viewListe.cpp
  viewMenu.cpp
  viewOMM.cpp
  viewSegmentations.cpp
  Generazione del codice in corso...
  QuickPhotoMaker.vcxproj -> C:\Users\Federico Di Spirito\Desktop\Code\QuickPhotoMaker\x64\Debug\QuickPhotoMaker.exe
=======
  controller.cpp
  main.cpp
  viewDerivation.cpp
  viewDetection.cpp
  ViewFiltrage.cpp
  viewMenu.cpp
  viewOMM.cpp
  viewSegmentations.cpp
  image.cpp
C:\Program Files (x86)\Microsoft Visual Studio\2019\Community\VC\Tools\MSVC\14.25.28610\include\xstring(430,23): error C2027: utilizzo di tipo non definito 'std::basic_ostream<char,std::char_traits<char>>'
C:\Program Files (x86)\Microsoft Visual Studio\2019\Community\VC\Tools\MSVC\14.25.28610\include\iosfwd(217): message : vedere la dichiarazione di 'std::basic_ostream<char,std::char_traits<char>>'
C:\Program Files (x86)\Microsoft Visual Studio\2019\Community\VC\Tools\MSVC\14.25.28610\include\xstring(4549): message : vedere il riferimento all'istanza 'std::basic_ostream<char,std::char_traits<char>> &std::_Insert_string<char,std::char_traits<char>,unsigned __int64>(std::basic_ostream<char,std::char_traits<char>> &,const _Elem *const ,const _SizeT)' della funzione modello di cui è in corso la compilazione
          with
          [
              _Elem=char,
              _SizeT=unsigned __int64
          ]
C:\Users\Federico Di Spirito\Desktop\Code\QuickPhotoMaker\Metier\image.cpp(28): message : vedere il riferimento all'istanza 'std::basic_ostream<char,std::char_traits<char>> &std::operator <<<char,std::char_traits<char>,std::allocator<char>>(std::basic_ostream<char,std::char_traits<char>> &,const std::basic_string<char,std::char_traits<char>,std::allocator<char>> &)' della funzione modello di cui è in corso la compilazione
C:\Program Files (x86)\Microsoft Visual Studio\2019\Community\VC\Tools\MSVC\14.25.28610\include\xstring(430,1): error C2065: 'iostate': identificatore non dichiarato
C:\Program Files (x86)\Microsoft Visual Studio\2019\Community\VC\Tools\MSVC\14.25.28610\include\xstring(430,31): error C2146: errore di sintassi: ';' mancante prima dell'identificatore '_State'
C:\Program Files (x86)\Microsoft Visual Studio\2019\Community\VC\Tools\MSVC\14.25.28610\include\xstring(430,31): error C2065: '_State': identificatore non dichiarato
C:\Program Files (x86)\Microsoft Visual Studio\2019\Community\VC\Tools\MSVC\14.25.28610\include\xstring(430,49): error C2027: utilizzo di tipo non definito 'std::basic_ostream<char,std::char_traits<char>>'
C:\Program Files (x86)\Microsoft Visual Studio\2019\Community\VC\Tools\MSVC\14.25.28610\include\iosfwd(217): message : vedere la dichiarazione di 'std::basic_ostream<char,std::char_traits<char>>'
C:\Program Files (x86)\Microsoft Visual Studio\2019\Community\VC\Tools\MSVC\14.25.28610\include\xstring(430,1): error C2065: 'goodbit': identificatore non dichiarato
C:\Program Files (x86)\Microsoft Visual Studio\2019\Community\VC\Tools\MSVC\14.25.28610\include\xstring(433,1): error C2027: utilizzo di tipo non definito 'std::basic_ostream<char,std::char_traits<char>>'
C:\Program Files (x86)\Microsoft Visual Studio\2019\Community\VC\Tools\MSVC\14.25.28610\include\iosfwd(217): message : vedere la dichiarazione di 'std::basic_ostream<char,std::char_traits<char>>'
C:\Program Files (x86)\Microsoft Visual Studio\2019\Community\VC\Tools\MSVC\14.25.28610\include\xstring(436,1): error C2027: utilizzo di tipo non definito 'std::basic_ostream<char,std::char_traits<char>>'
C:\Program Files (x86)\Microsoft Visual Studio\2019\Community\VC\Tools\MSVC\14.25.28610\include\iosfwd(217): message : vedere la dichiarazione di 'std::basic_ostream<char,std::char_traits<char>>'
C:\Program Files (x86)\Microsoft Visual Studio\2019\Community\VC\Tools\MSVC\14.25.28610\include\xstring(439,29): error C2027: utilizzo di tipo non definito 'std::basic_ostream<char,std::char_traits<char>>'
C:\Program Files (x86)\Microsoft Visual Studio\2019\Community\VC\Tools\MSVC\14.25.28610\include\iosfwd(217): message : vedere la dichiarazione di 'std::basic_ostream<char,std::char_traits<char>>'
C:\Program Files (x86)\Microsoft Visual Studio\2019\Community\VC\Tools\MSVC\14.25.28610\include\xstring(439,1): error C4430: identificatore di tipo mancante, verrà utilizzato int. Nota: default-int non è più supportato in C++
C:\Program Files (x86)\Microsoft Visual Studio\2019\Community\VC\Tools\MSVC\14.25.28610\include\xstring(439,36): error C2146: errore di sintassi: ';' mancante prima dell'identificatore '_Ok'
C:\Program Files (x86)\Microsoft Visual Studio\2019\Community\VC\Tools\MSVC\14.25.28610\include\xstring(439,36): error C3861: '_Ok': identificatore non trovato
C:\Program Files (x86)\Microsoft Visual Studio\2019\Community\VC\Tools\MSVC\14.25.28610\include\xstring(441,10): error C2065: '_Ok': identificatore non dichiarato
C:\Program Files (x86)\Microsoft Visual Studio\2019\Community\VC\Tools\MSVC\14.25.28610\include\xstring(442,9): error C2065: '_State': identificatore non dichiarato
C:\Program Files (x86)\Microsoft Visual Studio\2019\Community\VC\Tools\MSVC\14.25.28610\include\xstring(442,28): error C2027: utilizzo di tipo non definito 'std::basic_ostream<char,std::char_traits<char>>'
C:\Program Files (x86)\Microsoft Visual Studio\2019\Community\VC\Tools\MSVC\14.25.28610\include\iosfwd(217): message : vedere la dichiarazione di 'std::basic_ostream<char,std::char_traits<char>>'
C:\Program Files (x86)\Microsoft Visual Studio\2019\Community\VC\Tools\MSVC\14.25.28610\include\xstring(442,1): error C2065: 'badbit': identificatore non dichiarato
C:\Program Files (x86)\Microsoft Visual Studio\2019\Community\VC\Tools\MSVC\14.25.28610\include\xstring(445,1): error C2027: utilizzo di tipo non definito 'std::basic_ostream<char,std::char_traits<char>>'
C:\Program Files (x86)\Microsoft Visual Studio\2019\Community\VC\Tools\MSVC\14.25.28610\include\iosfwd(217): message : vedere la dichiarazione di 'std::basic_ostream<char,std::char_traits<char>>'
C:\Program Files (x86)\Microsoft Visual Studio\2019\Community\VC\Tools\MSVC\14.25.28610\include\xstring(445,39): error C2027: utilizzo di tipo non definito 'std::basic_ostream<char,std::char_traits<char>>'
C:\Program Files (x86)\Microsoft Visual Studio\2019\Community\VC\Tools\MSVC\14.25.28610\include\iosfwd(217): message : vedere la dichiarazione di 'std::basic_ostream<char,std::char_traits<char>>'
C:\Program Files (x86)\Microsoft Visual Studio\2019\Community\VC\Tools\MSVC\14.25.28610\include\xstring(445,1): error C2065: 'adjustfield': identificatore non dichiarato
C:\Program Files (x86)\Microsoft Visual Studio\2019\Community\VC\Tools\MSVC\14.25.28610\include\xstring(445,64): error C2027: utilizzo di tipo non definito 'std::basic_ostream<char,std::char_traits<char>>'
C:\Program Files (x86)\Microsoft Visual Studio\2019\Community\VC\Tools\MSVC\14.25.28610\include\iosfwd(217): message : vedere la dichiarazione di 'std::basic_ostream<char,std::char_traits<char>>'
C:\Program Files (x86)\Microsoft Visual Studio\2019\Community\VC\Tools\MSVC\14.25.28610\include\xstring(445,1): error C2065: 'left': identificatore non dichiarato
C:\Program Files (x86)\Microsoft Visual Studio\2019\Community\VC\Tools\MSVC\14.25.28610\include\xstring(447,1): error C2027: utilizzo di tipo non definito 'std::basic_ostream<char,std::char_traits<char>>'
C:\Program Files (x86)\Microsoft Visual Studio\2019\Community\VC\Tools\MSVC\14.25.28610\include\iosfwd(217): message : vedere la dichiarazione di 'std::basic_ostream<char,std::char_traits<char>>'
C:\Program Files (x86)\Microsoft Visual Studio\2019\Community\VC\Tools\MSVC\14.25.28610\include\xstring(447,1): error C2660: 'std::_Narrow_char_traits<char,int>::eq_int_type': la funzione non accetta 1 argomenti
C:\Program Files (x86)\Microsoft Visual Studio\2019\Community\VC\Tools\MSVC\14.25.28610\include\xstring(396,38): message : vedere la dichiarazione di 'std::_Narrow_char_traits<char,int>::eq_int_type'
C:\Program Files (x86)\Microsoft Visual Studio\2019\Community\VC\Tools\MSVC\14.25.28610\include\xstring(448,21): error C2065: '_State': identificatore non dichiarato
C:\Program Files (x86)\Microsoft Visual Studio\2019\Community\VC\Tools\MSVC\14.25.28610\include\xstring(448,40): error C2027: utilizzo di tipo non definito 'std::basic_ostream<char,std::char_traits<char>>'
C:\Program Files (x86)\Microsoft Visual Studio\2019\Community\VC\Tools\MSVC\14.25.28610\include\iosfwd(217): message : vedere la dichiarazione di 'std::basic_ostream<char,std::char_traits<char>>'
C:\Program Files (x86)\Microsoft Visual Studio\2019\Community\VC\Tools\MSVC\14.25.28610\include\xstring(448,1): error C2065: 'badbit': identificatore non dichiarato
C:\Program Files (x86)\Microsoft Visual Studio\2019\Community\VC\Tools\MSVC\14.25.28610\include\xstring(454,13): error C2065: '_State': identificatore non dichiarato
C:\Program Files (x86)\Microsoft Visual Studio\2019\Community\VC\Tools\MSVC\14.25.28610\include\xstring(454,32): error C2027: utilizzo di tipo non definito 'std::basic_ostream<char,std::char_traits<char>>'
C:\Program Files (x86)\Microsoft Visual Studio\2019\Community\VC\Tools\MSVC\14.25.28610\include\iosfwd(217): message : vedere la dichiarazione di 'std::basic_ostream<char,std::char_traits<char>>'
C:\Program Files (x86)\Microsoft Visual Studio\2019\Community\VC\Tools\MSVC\14.25.28610\include\xstring(454,1): error C2065: 'goodbit': identificatore non dichiarato
C:\Program Files (x86)\Microsoft Visual Studio\2019\Community\VC\Tools\MSVC\14.25.28610\include\xstring(455,1): error C2027: utilizzo di tipo non definito 'std::basic_ostream<char,std::char_traits<char>>'
C:\Program Files (x86)\Microsoft Visual Studio\2019\Community\VC\Tools\MSVC\14.25.28610\include\iosfwd(217): message : vedere la dichiarazione di 'std::basic_ostream<char,std::char_traits<char>>'
C:\Program Files (x86)\Microsoft Visual Studio\2019\Community\VC\Tools\MSVC\14.25.28610\include\xstring(456,13): error C2065: '_State': identificatore non dichiarato
C:\Program Files (x86)\Microsoft Visual Studio\2019\Community\VC\Tools\MSVC\14.25.28610\include\xstring(456,32): error C2027: utilizzo di tipo non definito 'std::basic_ostream<char,std::char_traits<char>>'
C:\Program Files (x86)\Microsoft Visual Studio\2019\Community\VC\Tools\MSVC\14.25.28610\include\iosfwd(217): message : vedere la dichiarazione di 'std::basic_ostream<char,std::char_traits<char>>'
C:\Program Files (x86)\Microsoft Visual Studio\2019\Community\VC\Tools\MSVC\14.25.28610\include\xstring(456,1): error C2065: 'badbit': identificatore non dichiarato
C:\Program Files (x86)\Microsoft Visual Studio\2019\Community\VC\Tools\MSVC\14.25.28610\include\xstring(459,1): error C2027: utilizzo di tipo non definito 'std::basic_ostream<char,std::char_traits<char>>'
C:\Program Files (x86)\Microsoft Visual Studio\2019\Community\VC\Tools\MSVC\14.25.28610\include\iosfwd(217): message : vedere la dichiarazione di 'std::basic_ostream<char,std::char_traits<char>>'
C:\Program Files (x86)\Microsoft Visual Studio\2019\Community\VC\Tools\MSVC\14.25.28610\include\xstring(459,1): error C2660: 'std::_Narrow_char_traits<char,int>::eq_int_type': la funzione non accetta 1 argomenti
C:\Program Files (x86)\Microsoft Visual Studio\2019\Community\VC\Tools\MSVC\14.25.28610\include\xstring(396,38): message : vedere la dichiarazione di 'std::_Narrow_char_traits<char,int>::eq_int_type'
C:\Program Files (x86)\Microsoft Visual Studio\2019\Community\VC\Tools\MSVC\14.25.28610\include\xstring(460,21): error C2065: '_State': identificatore non dichiarato
C:\Program Files (x86)\Microsoft Visual Studio\2019\Community\VC\Tools\MSVC\14.25.28610\include\xstring(460,40): error C2027: utilizzo di tipo non definito 'std::basic_ostream<char,std::char_traits<char>>'
C:\Program Files (x86)\Microsoft Visual Studio\2019\Community\VC\Tools\MSVC\14.25.28610\include\iosfwd(217): message : vedere la dichiarazione di 'std::basic_ostream<char,std::char_traits<char>>'
C:\Program Files (x86)\Microsoft Visual Studio\2019\Community\VC\Tools\MSVC\14.25.28610\include\xstring(460,1): error C2065: 'badbit': identificatore non dichiarato
C:\Program Files (x86)\Microsoft Visual Studio\2019\Community\VC\Tools\MSVC\14.25.28610\include\xstring(466,1): error C2027: utilizzo di tipo non definito 'std::basic_ostream<char,std::char_traits<char>>'
C:\Program Files (x86)\Microsoft Visual Studio\2019\Community\VC\Tools\MSVC\14.25.28610\include\iosfwd(217): message : vedere la dichiarazione di 'std::basic_ostream<char,std::char_traits<char>>'
C:\Program Files (x86)\Microsoft Visual Studio\2019\Community\VC\Tools\MSVC\14.25.28610\include\xstring(467,1): error C2027: utilizzo di tipo non definito 'std::basic_ostream<char,std::char_traits<char>>'
C:\Program Files (x86)\Microsoft Visual Studio\2019\Community\VC\Tools\MSVC\14.25.28610\include\iosfwd(217): message : vedere la dichiarazione di 'std::basic_ostream<char,std::char_traits<char>>'
C:\Program Files (x86)\Microsoft Visual Studio\2019\Community\VC\Tools\MSVC\14.25.28610\include\xstring(467,9): error C2027: utilizzo di tipo non definito 'std::basic_ostream<char,std::char_traits<char>>'
C:\Program Files (x86)\Microsoft Visual Studio\2019\Community\VC\Tools\MSVC\14.25.28610\include\iosfwd(217): message : vedere la dichiarazione di 'std::basic_ostream<char,std::char_traits<char>>'
C:\Program Files (x86)\Microsoft Visual Studio\2019\Community\VC\Tools\MSVC\14.25.28610\include\xstring(467,1): error C2065: 'badbit': identificatore non dichiarato
C:\Program Files (x86)\Microsoft Visual Studio\2019\Community\VC\Tools\MSVC\14.25.28610\include\xstring(470,1): error C2027: utilizzo di tipo non definito 'std::basic_ostream<char,std::char_traits<char>>'
C:\Program Files (x86)\Microsoft Visual Studio\2019\Community\VC\Tools\MSVC\14.25.28610\include\iosfwd(217): message : vedere la dichiarazione di 'std::basic_ostream<char,std::char_traits<char>>'
C:\Program Files (x86)\Microsoft Visual Studio\2019\Community\VC\Tools\MSVC\14.25.28610\include\xstring(470,20): error C2065: '_State': identificatore non dichiarato
  Generazione del codice in corso...
>>>>>>> Stashed changes
